[debug] [2020-01-20T15:36:37.405Z] ----------------------------------------------------------------------
[debug] [2020-01-20T15:36:37.407Z] Command:       /usr/local/bin/node /usr/local/bin/firebase serve --only functions
[debug] [2020-01-20T15:36:37.407Z] CLI Version:   7.12.1
[debug] [2020-01-20T15:36:37.407Z] Platform:      darwin
[debug] [2020-01-20T15:36:37.407Z] Node Version:  v13.3.0
[debug] [2020-01-20T15:36:37.407Z] Time:          Mon Jan 20 2020 16:36:37 GMT+0100 (Central European Standard Time)
[debug] [2020-01-20T15:36:37.407Z] ----------------------------------------------------------------------
[debug] [2020-01-20T15:36:37.407Z] 
[debug] [2020-01-20T15:36:37.413Z] > command requires scopes: ["email","openid","https://www.googleapis.com/auth/cloudplatformprojects.readonly","https://www.googleapis.com/auth/firebase","https://www.googleapis.com/auth/cloud-platform"]
[debug] [2020-01-20T15:36:37.414Z] > authorizing via signed-in user
[debug] [2020-01-20T15:36:37.414Z] [iam] checking project pyxy-f84e8 for permissions ["firebase.projects.get"]
[debug] [2020-01-20T15:36:37.415Z] >>> HTTP REQUEST POST https://cloudresourcemanager.googleapis.com/v1/projects/pyxy-f84e8:testIamPermissions  

[debug] [2020-01-20T15:36:38.190Z] <<< HTTP RESPONSE 200
[debug] [2020-01-20T15:36:38.193Z] >>> HTTP REQUEST GET https://firebase.googleapis.com/v1beta1/projects/pyxy-f84e8  
 
[debug] [2020-01-20T15:36:38.493Z] <<< HTTP RESPONSE 200
[warn] ⚠  Your requested "node" version "8" doesn't match your global version "13"
[info] ✔  functions: Emulator started at http://localhost:5000
[info] i  functions: Watching "/Users/nicolasnotararigo/Projects/Pyxy/api/functions" for Cloud Functions...
[debug] [2020-01-20T15:36:38.772Z] [worker-pool] addWorker(~diagnostic~)
[debug] [2020-01-20T15:36:38.772Z] [worker-pool] Adding worker with key ~diagnostic~, total=1
[debug] [2020-01-20T15:36:38.772Z] [worker-pool] submitWork(triggerId=)
[debug] [2020-01-20T15:36:38.772Z] [worker-~diagnostic~-774a5e79-68ad-4533-be40-a4c1b97fc014]: Assigning socketPath: /var/folders/bj/cr4xpmpx45j48gl7l4sc5p900000gn/T/fire_emu_8576.sock
[debug] [2020-01-20T15:36:38.772Z] [worker-~diagnostic~-774a5e79-68ad-4533-be40-a4c1b97fc014]: BUSY
[debug] [2020-01-20T15:36:39.007Z] [runtime-status] [8576] Functions runtime initialized. {"cwd":"/Users/nicolasnotararigo/Projects/Pyxy/api/functions","node_version":"13.3.0"}
[debug] [2020-01-20T15:36:39.008Z] [runtime-status] [8576] Disabled runtime features: {"functions_config_helper":true,"network_filtering":true,"timeout":true,"memory_limiting":true,"admin_stubs":true,"pubsub_emulator":true}
[debug] [2020-01-20T15:36:39.009Z] [runtime-status] [8576] Resolved module firebase-admin {"declared":true,"installed":true,"version":"8.9.1","resolution":"/Users/nicolasnotararigo/Projects/Pyxy/api/functions/node_modules/firebase-admin/lib/index.js"}
[debug] [2020-01-20T15:36:39.010Z] [runtime-status] [8576] Resolved module firebase-functions {"declared":true,"installed":true,"version":"3.3.0","resolution":"/Users/nicolasnotararigo/Projects/Pyxy/api/functions/node_modules/firebase-functions/lib/index.js"}
[debug] [2020-01-20T15:36:39.011Z] [runtime-status] [8576] Resolved module firebase-functions {"declared":true,"installed":true,"version":"3.3.0","resolution":"/Users/nicolasnotararigo/Projects/Pyxy/api/functions/node_modules/firebase-functions/lib/index.js"}
[info] ✔  functions[app]: http function initialized (http://localhost:5000/pyxy-f84e8/us-central1/app).
[debug] [2020-01-20T15:36:39.282Z] [worker-~diagnostic~-774a5e79-68ad-4533-be40-a4c1b97fc014]: IDLE
[debug] [2020-01-20T15:40:41.283Z] [work-queue] {"queueLength":1,"workRunningCount":0}
[debug] [2020-01-20T15:40:41.283Z] [work-queue] {"queueLength":0,"workRunningCount":1}
[debug] [2020-01-20T15:40:41.284Z] Accepted request GET /pyxy-f84e8/us-central1/app/api/read/ --> app
[debug] [2020-01-20T15:40:41.289Z] [worker-pool] addWorker(app)
[debug] [2020-01-20T15:40:41.290Z] [worker-pool] Adding worker with key app, total=1
[debug] [2020-01-20T15:40:41.290Z] [worker-pool] submitWork(triggerId=app)
[debug] [2020-01-20T15:40:41.290Z] [worker-app-81fca438-522b-47ed-8a63-320783131651]: Assigning socketPath: /var/folders/bj/cr4xpmpx45j48gl7l4sc5p900000gn/T/fire_emu_8638.sock
[debug] [2020-01-20T15:40:41.290Z] [worker-app-81fca438-522b-47ed-8a63-320783131651]: BUSY
[debug] [2020-01-20T15:40:41.995Z] [runtime-status] [8638] Functions runtime initialized. {"cwd":"/Users/nicolasnotararigo/Projects/Pyxy/api/functions","node_version":"13.3.0"}
[debug] [2020-01-20T15:40:41.997Z] [runtime-status] [8638] Disabled runtime features: {"functions_config_helper":true,"network_filtering":true,"timeout":true,"memory_limiting":true,"admin_stubs":true,"pubsub_emulator":true}
[debug] [2020-01-20T15:40:42.000Z] [runtime-status] [8638] Resolved module firebase-admin {"declared":true,"installed":true,"version":"8.9.1","resolution":"/Users/nicolasnotararigo/Projects/Pyxy/api/functions/node_modules/firebase-admin/lib/index.js"}
[debug] [2020-01-20T15:40:42.002Z] [runtime-status] [8638] Resolved module firebase-functions {"declared":true,"installed":true,"version":"3.3.0","resolution":"/Users/nicolasnotararigo/Projects/Pyxy/api/functions/node_modules/firebase-functions/lib/index.js"}
[debug] [2020-01-20T15:40:42.002Z] [runtime-status] [8638] Resolved module firebase-functions {"declared":true,"installed":true,"version":"3.3.0","resolution":"/Users/nicolasnotararigo/Projects/Pyxy/api/functions/node_modules/firebase-functions/lib/index.js"}
[debug] [2020-01-20T15:40:43.035Z] [runtime-status] [8638] Trigger "app" has been found, beginning invocation!
[info] i  functions: Beginning execution of "app"
[debug] [2020-01-20T15:40:43.036Z] [runtime-status] [8638] triggerDefinition {"httpsTrigger":{},"name":"app","entryPoint":"app"}
[debug] [2020-01-20T15:40:43.036Z] [runtime-status] [8638] Running app in mode HTTPS
[debug] [2020-01-20T15:40:43.040Z] [runtime-status] [8638] Attempting to listen to socketPath: /var/folders/bj/cr4xpmpx45j48gl7l4sc5p900000gn/T/fire_emu_8638.sock
[debug] [2020-01-20T15:40:43.044Z] [functions] Runtime ready! Sending request!
[debug] [2020-01-20T15:40:43.050Z] [runtime-status] [8638] Ephemeral server handling GET request
[debug] [2020-01-20T15:40:43.055Z] [runtime-status] [8638] Ephemeral server survived.
[info] i  functions: Finished "app" in ~1s
[debug] [2020-01-20T15:40:43.458Z] [worker-app-81fca438-522b-47ed-8a63-320783131651]: IDLE
[debug] [2020-01-20T15:40:43.458Z] [work-queue] {"queueLength":0,"workRunningCount":0}
[debug] [2020-01-20T15:41:43.738Z] [work-queue] {"queueLength":1,"workRunningCount":0}
[debug] [2020-01-20T15:41:43.738Z] [work-queue] {"queueLength":0,"workRunningCount":1}
[debug] [2020-01-20T15:41:43.738Z] Accepted request GET /pyxy-f84e8/us-central1/app --> app
[debug] [2020-01-20T15:41:43.738Z] [worker-pool] submitWork(triggerId=app)
[debug] [2020-01-20T15:41:43.738Z] [worker-app-81fca438-522b-47ed-8a63-320783131651]: Assigning socketPath: /var/folders/bj/cr4xpmpx45j48gl7l4sc5p900000gn/T/fire_emu_8638.sock
[debug] [2020-01-20T15:41:43.738Z] [worker-app-81fca438-522b-47ed-8a63-320783131651]: BUSY
[debug] [2020-01-20T15:41:43.739Z] [runtime-status] [8638] Trigger "app" has been found, beginning invocation!
[info] i  functions: Beginning execution of "app"
[debug] [2020-01-20T15:41:43.739Z] [runtime-status] [8638] triggerDefinition {"httpsTrigger":{},"name":"app","entryPoint":"app"}
[debug] [2020-01-20T15:41:43.739Z] [runtime-status] [8638] Running app in mode HTTPS
[debug] [2020-01-20T15:41:43.739Z] [runtime-status] [8638] Attempting to listen to socketPath: /var/folders/bj/cr4xpmpx45j48gl7l4sc5p900000gn/T/fire_emu_8638.sock
[debug] [2020-01-20T15:41:43.740Z] [functions] Runtime ready! Sending request!
[debug] [2020-01-20T15:41:43.743Z] [runtime-status] [8638] Ephemeral server handling GET request
[debug] [2020-01-20T15:41:43.746Z] [runtime-status] [8638] Ephemeral server survived.
[info] i  functions: Finished "app" in ~1s
[debug] [2020-01-20T15:41:43.746Z] [worker-app-81fca438-522b-47ed-8a63-320783131651]: IDLE
[debug] [2020-01-20T15:41:43.747Z] [work-queue] {"queueLength":0,"workRunningCount":0}
[debug] [2020-01-20T15:47:58.121Z] [work-queue] {"queueLength":1,"workRunningCount":0}
[debug] [2020-01-20T15:47:58.121Z] [work-queue] {"queueLength":0,"workRunningCount":1}
[debug] [2020-01-20T15:47:58.121Z] Accepted request GET /pyxy-f84e8/us-central1/app/api/read/ --> app
[debug] [2020-01-20T15:47:58.121Z] [worker-pool] submitWork(triggerId=app)
[debug] [2020-01-20T15:47:58.122Z] [worker-app-81fca438-522b-47ed-8a63-320783131651]: Assigning socketPath: /var/folders/bj/cr4xpmpx45j48gl7l4sc5p900000gn/T/fire_emu_8638.sock
[debug] [2020-01-20T15:47:58.122Z] [worker-app-81fca438-522b-47ed-8a63-320783131651]: BUSY
[debug] [2020-01-20T15:47:58.123Z] [runtime-status] [8638] Trigger "app" has been found, beginning invocation!
[info] i  functions: Beginning execution of "app"
[debug] [2020-01-20T15:47:58.123Z] [runtime-status] [8638] triggerDefinition {"httpsTrigger":{},"name":"app","entryPoint":"app"}
[debug] [2020-01-20T15:47:58.123Z] [runtime-status] [8638] Running app in mode HTTPS
[debug] [2020-01-20T15:47:58.123Z] [runtime-status] [8638] Attempting to listen to socketPath: /var/folders/bj/cr4xpmpx45j48gl7l4sc5p900000gn/T/fire_emu_8638.sock
[debug] [2020-01-20T15:47:58.124Z] [functions] Runtime ready! Sending request!
[debug] [2020-01-20T15:47:58.127Z] [runtime-status] [8638] Ephemeral server handling GET request
[debug] [2020-01-20T15:47:58.127Z] [runtime-status] [8638] Ephemeral server survived.
[info] i  functions: Finished "app" in ~1s
[debug] [2020-01-20T15:47:58.287Z] [worker-app-81fca438-522b-47ed-8a63-320783131651]: IDLE
[debug] [2020-01-20T15:47:58.287Z] [work-queue] {"queueLength":0,"workRunningCount":0}
[debug] [2020-01-20T15:59:47.139Z] File /Users/nicolasnotararigo/Projects/Pyxy/api/functions/index.js changed, reloading triggers
[debug] [2020-01-20T15:59:48.139Z] [worker-pool] Shutting down IDLE worker (~diagnostic~)
[debug] [2020-01-20T15:59:48.140Z] [worker-~diagnostic~-774a5e79-68ad-4533-be40-a4c1b97fc014]: FINISHING
[debug] [2020-01-20T15:59:48.140Z] [worker-pool] Shutting down IDLE worker (app)
[debug] [2020-01-20T15:59:48.141Z] [worker-app-81fca438-522b-47ed-8a63-320783131651]: FINISHING
[debug] [2020-01-20T15:59:48.154Z] [worker-pool] addWorker(~diagnostic~)
[debug] [2020-01-20T15:59:48.154Z] [worker-pool] Adding worker with key ~diagnostic~, total=2
[debug] [2020-01-20T15:59:48.154Z] [worker-pool] submitWork(triggerId=)
[debug] [2020-01-20T15:59:48.154Z] [worker-~diagnostic~-8df0a032-ab97-4f63-90bc-cdb3670cce13]: Assigning socketPath: /var/folders/bj/cr4xpmpx45j48gl7l4sc5p900000gn/T/fire_emu_8782.sock
[debug] [2020-01-20T15:59:48.154Z] [worker-~diagnostic~-8df0a032-ab97-4f63-90bc-cdb3670cce13]: BUSY
[debug] [2020-01-20T15:59:48.157Z] [worker-~diagnostic~-774a5e79-68ad-4533-be40-a4c1b97fc014]: exited
[debug] [2020-01-20T15:59:48.157Z] [worker-~diagnostic~-774a5e79-68ad-4533-be40-a4c1b97fc014]: FINISHED
[debug] [2020-01-20T15:59:48.157Z] [worker-app-81fca438-522b-47ed-8a63-320783131651]: exited
[debug] [2020-01-20T15:59:48.157Z] [worker-app-81fca438-522b-47ed-8a63-320783131651]: FINISHED
[debug] [2020-01-20T15:59:48.667Z] [runtime-status] [8782] Functions runtime initialized. {"cwd":"/Users/nicolasnotararigo/Projects/Pyxy/api/functions","node_version":"13.3.0"}
[debug] [2020-01-20T15:59:48.669Z] [runtime-status] [8782] Disabled runtime features: {"functions_config_helper":true,"network_filtering":true,"timeout":true,"memory_limiting":true,"admin_stubs":true,"pubsub_emulator":true}
[debug] [2020-01-20T15:59:48.673Z] [runtime-status] [8782] Resolved module firebase-admin {"declared":true,"installed":true,"version":"8.9.1","resolution":"/Users/nicolasnotararigo/Projects/Pyxy/api/functions/node_modules/firebase-admin/lib/index.js"}
[debug] [2020-01-20T15:59:48.674Z] [runtime-status] [8782] Resolved module firebase-functions {"declared":true,"installed":true,"version":"3.3.0","resolution":"/Users/nicolasnotararigo/Projects/Pyxy/api/functions/node_modules/firebase-functions/lib/index.js"}
[debug] [2020-01-20T15:59:48.675Z] [runtime-status] [8782] Resolved module firebase-functions {"declared":true,"installed":true,"version":"3.3.0","resolution":"/Users/nicolasnotararigo/Projects/Pyxy/api/functions/node_modules/firebase-functions/lib/index.js"}
[debug] [2020-01-20T15:59:49.547Z] [worker-~diagnostic~-8df0a032-ab97-4f63-90bc-cdb3670cce13]: IDLE
[debug] [2020-01-20T16:01:25.722Z] [work-queue] {"queueLength":1,"workRunningCount":0}
[debug] [2020-01-20T16:01:25.722Z] [work-queue] {"queueLength":0,"workRunningCount":1}
[debug] [2020-01-20T16:01:25.722Z] Accepted request GET /pyxy-f84e8/us-central1/app/api/read/ --> app
[debug] [2020-01-20T16:01:25.722Z] [worker-pool] Cleaned up workers for ~diagnostic~: 2 --> 1
[debug] [2020-01-20T16:01:25.722Z] [worker-pool] Cleaned up workers for app: 1 --> 0
[debug] [2020-01-20T16:01:25.727Z] [worker-pool] addWorker(app)
[debug] [2020-01-20T16:01:25.727Z] [worker-pool] Adding worker with key app, total=1
[debug] [2020-01-20T16:01:25.727Z] [worker-pool] submitWork(triggerId=app)
[debug] [2020-01-20T16:01:25.728Z] [worker-app-a64d68a2-e875-4f1b-9784-4597eca7735b]: Assigning socketPath: /var/folders/bj/cr4xpmpx45j48gl7l4sc5p900000gn/T/fire_emu_8789.sock
[debug] [2020-01-20T16:01:25.728Z] [worker-app-a64d68a2-e875-4f1b-9784-4597eca7735b]: BUSY
[debug] [2020-01-20T16:01:26.226Z] [runtime-status] [8789] Functions runtime initialized. {"cwd":"/Users/nicolasnotararigo/Projects/Pyxy/api/functions","node_version":"13.3.0"}
[debug] [2020-01-20T16:01:26.228Z] [runtime-status] [8789] Disabled runtime features: {"functions_config_helper":true,"network_filtering":true,"timeout":true,"memory_limiting":true,"admin_stubs":true,"pubsub_emulator":true}
[debug] [2020-01-20T16:01:26.233Z] [runtime-status] [8789] Resolved module firebase-admin {"declared":true,"installed":true,"version":"8.9.1","resolution":"/Users/nicolasnotararigo/Projects/Pyxy/api/functions/node_modules/firebase-admin/lib/index.js"}
[debug] [2020-01-20T16:01:26.235Z] [runtime-status] [8789] Resolved module firebase-functions {"declared":true,"installed":true,"version":"3.3.0","resolution":"/Users/nicolasnotararigo/Projects/Pyxy/api/functions/node_modules/firebase-functions/lib/index.js"}
[debug] [2020-01-20T16:01:26.236Z] [runtime-status] [8789] Resolved module firebase-functions {"declared":true,"installed":true,"version":"3.3.0","resolution":"/Users/nicolasnotararigo/Projects/Pyxy/api/functions/node_modules/firebase-functions/lib/index.js"}
[debug] [2020-01-20T16:01:26.993Z] [runtime-status] [8789] Trigger "app" has been found, beginning invocation!
[info] i  functions: Beginning execution of "app"
[debug] [2020-01-20T16:01:26.994Z] [runtime-status] [8789] triggerDefinition {"httpsTrigger":{},"name":"app","entryPoint":"app"}
[debug] [2020-01-20T16:01:26.994Z] [runtime-status] [8789] Running app in mode HTTPS
[debug] [2020-01-20T16:01:26.998Z] [runtime-status] [8789] Attempting to listen to socketPath: /var/folders/bj/cr4xpmpx45j48gl7l4sc5p900000gn/T/fire_emu_8789.sock
[debug] [2020-01-20T16:01:27.001Z] [functions] Runtime ready! Sending request!
[debug] [2020-01-20T16:01:27.006Z] [runtime-status] [8789] Ephemeral server handling GET request
[debug] [2020-01-20T16:01:27.010Z] [runtime-status] [8789] Ephemeral server survived.
[info] i  functions: Finished "app" in ~1s
[debug] [2020-01-20T16:01:27.432Z] [worker-app-a64d68a2-e875-4f1b-9784-4597eca7735b]: IDLE
[debug] [2020-01-20T16:01:27.432Z] [work-queue] {"queueLength":0,"workRunningCount":0}
[info] Shutting down...
[info] Shutting down...
[debug] [2020-01-20T16:15:58.940Z] [worker-~diagnostic~-8df0a032-ab97-4f63-90bc-cdb3670cce13]: exited
[debug] [2020-01-20T16:15:58.940Z] [worker-~diagnostic~-8df0a032-ab97-4f63-90bc-cdb3670cce13]: FINISHED
[debug] [2020-01-20T16:15:58.940Z] [worker-app-a64d68a2-e875-4f1b-9784-4597eca7735b]: exited
[debug] [2020-01-20T16:15:58.940Z] [worker-app-a64d68a2-e875-4f1b-9784-4597eca7735b]: FINISHED
