[debug] [2020-04-09T17:44:30.629Z] ----------------------------------------------------------------------
[debug] [2020-04-09T17:44:30.630Z] Command:       /usr/local/bin/node /Users/nicolasnotararigo/Projects/Pyxy/node_modules/.bin/firebase deploy
[debug] [2020-04-09T17:44:30.630Z] CLI Version:   8.0.2
[debug] [2020-04-09T17:44:30.631Z] Platform:      darwin
[debug] [2020-04-09T17:44:30.631Z] Node Version:  v13.3.0
[debug] [2020-04-09T17:44:30.631Z] Time:          Thu Apr 09 2020 19:44:30 GMT+0200 (Central European Summer Time)
[debug] [2020-04-09T17:44:30.632Z] ----------------------------------------------------------------------
[debug] [2020-04-09T17:44:30.632Z] 
[debug] [2020-04-09T17:44:30.642Z] > command requires scopes: ["email","openid","https://www.googleapis.com/auth/cloudplatformprojects.readonly","https://www.googleapis.com/auth/firebase","https://www.googleapis.com/auth/cloud-platform"]
[debug] [2020-04-09T17:44:30.642Z] > authorizing via signed-in user
[debug] [2020-04-09T17:44:30.643Z] [iam] checking project pyxy-f84e8 for permissions ["cloudfunctions.functions.create","cloudfunctions.functions.delete","cloudfunctions.functions.get","cloudfunctions.functions.list","cloudfunctions.functions.update","cloudfunctions.operations.get","datastore.indexes.create","datastore.indexes.delete","datastore.indexes.list","datastore.indexes.update","firebase.projects.get","firebasedatabase.instances.update","firebasehosting.sites.update","firebaserules.releases.create","firebaserules.releases.update","firebaserules.rulesets.create"]
[debug] [2020-04-09T17:44:30.645Z] > refreshing access token with scopes: ["email","https://www.googleapis.com/auth/cloud-platform","https://www.googleapis.com/auth/cloudplatformprojects.readonly","https://www.googleapis.com/auth/firebase","openid"]
[debug] [2020-04-09T17:44:30.645Z] >>> HTTP REQUEST POST https://www.googleapis.com/oauth2/v3/token  
 <request body omitted>
[debug] [2020-04-09T17:44:30.774Z] <<< HTTP RESPONSE 200 {"content-type":"application/json; charset=utf-8","vary":"X-Origin, Referer, Origin,Accept-Encoding","date":"Thu, 09 Apr 2020 17:44:31 GMT","server":"scaffolding on HTTPServer2","cache-control":"private","x-xss-protection":"0","x-frame-options":"SAMEORIGIN","x-content-type-options":"nosniff","alt-svc":"quic=\":443\"; ma=2592000; v=\"46,43\",h3-Q050=\":443\"; ma=2592000,h3-Q049=\":443\"; ma=2592000,h3-Q048=\":443\"; ma=2592000,h3-Q046=\":443\"; ma=2592000,h3-Q043=\":443\"; ma=2592000,h3-T050=\":443\"; ma=2592000","accept-ranges":"none","transfer-encoding":"chunked"}
[debug] [2020-04-09T17:44:30.792Z] >>> HTTP REQUEST POST https://cloudresourcemanager.googleapis.com/v1/projects/pyxy-f84e8:testIamPermissions  
 {"permissions":["cloudfunctions.functions.create","cloudfunctions.functions.delete","cloudfunctions.functions.get","cloudfunctions.functions.list","cloudfunctions.functions.update","cloudfunctions.operations.get","datastore.indexes.create","datastore.indexes.delete","datastore.indexes.list","datastore.indexes.update","firebase.projects.get","firebasedatabase.instances.update","firebasehosting.sites.update","firebaserules.releases.create","firebaserules.releases.update","firebaserules.rulesets.create"]}
[debug] [2020-04-09T17:44:31.740Z] <<< HTTP RESPONSE 200 {"content-type":"application/json; charset=UTF-8","vary":"X-Origin, Referer, Origin,Accept-Encoding","date":"Thu, 09 Apr 2020 17:44:32 GMT","server":"ESF","cache-control":"private","x-xss-protection":"0","x-frame-options":"SAMEORIGIN","x-content-type-options":"nosniff","server-timing":"gfet4t7; dur=667","alt-svc":"quic=\":443\"; ma=2592000; v=\"46,43\",h3-Q050=\":443\"; ma=2592000,h3-Q049=\":443\"; ma=2592000,h3-Q048=\":443\"; ma=2592000,h3-Q046=\":443\"; ma=2592000,h3-Q043=\":443\"; ma=2592000,h3-T050=\":443\"; ma=2592000","accept-ranges":"none","transfer-encoding":"chunked"}
[debug] [2020-04-09T17:44:31.741Z] >>> HTTP REQUEST POST https://iam.googleapis.com/v1/projects/pyxy-f84e8/serviceAccounts/pyxy-f84e8@appspot.gserviceaccount.com:testIamPermissions  
 {"permissions":["iam.serviceAccounts.actAs"]}
[debug] [2020-04-09T17:44:32.661Z] <<< HTTP RESPONSE 200 {"content-type":"application/json; charset=UTF-8","vary":"X-Origin, Referer, Origin,Accept-Encoding","date":"Thu, 09 Apr 2020 17:44:33 GMT","server":"ESF","cache-control":"private","x-xss-protection":"0","x-frame-options":"SAMEORIGIN","x-content-type-options":"nosniff","alt-svc":"quic=\":443\"; ma=2592000; v=\"46,43\",h3-Q050=\":443\"; ma=2592000,h3-Q049=\":443\"; ma=2592000,h3-Q048=\":443\"; ma=2592000,h3-Q046=\":443\"; ma=2592000,h3-Q043=\":443\"; ma=2592000,h3-T050=\":443\"; ma=2592000","accept-ranges":"none","transfer-encoding":"chunked"}
[debug] [2020-04-09T17:44:32.663Z] >>> HTTP REQUEST GET https://firebase.googleapis.com/v1beta1/projects/pyxy-f84e8  
 
[debug] [2020-04-09T17:44:32.864Z] <<< HTTP RESPONSE 200 {"content-type":"application/json; charset=UTF-8","vary":"X-Origin, Referer, Origin,Accept-Encoding","date":"Thu, 09 Apr 2020 17:44:33 GMT","server":"ESF","cache-control":"private","x-xss-protection":"0","x-frame-options":"SAMEORIGIN","x-content-type-options":"nosniff","alt-svc":"quic=\":443\"; ma=2592000; v=\"46,43\",h3-Q050=\":443\"; ma=2592000,h3-Q049=\":443\"; ma=2592000,h3-Q048=\":443\"; ma=2592000,h3-Q046=\":443\"; ma=2592000,h3-Q043=\":443\"; ma=2592000,h3-T050=\":443\"; ma=2592000","accept-ranges":"none","transfer-encoding":"chunked"}
[info] 
[info] === Deploying to 'pyxy-f84e8'...
[info] 
[info] i  deploying database, storage, firestore, functions, hosting
[info] i  database: checking rules syntax...
[debug] [2020-04-09T17:44:34.290Z] >>> HTTP REQUEST PUT https://pyxy-f84e8.firebaseio.com/.settings/rules.json?dryRun=true  
 {
  "rules": {
    "users": {
      "$uid": {
        ".read": "auth.uid === $uid",
        ".write": "auth.uid === $uid",
        "messages": {
          ".indexOn": ["category"]
        }
      }
    }
  }
}
[debug] [2020-04-09T17:44:35.426Z] <<< HTTP RESPONSE 200 {"server":"nginx","date":"Thu, 09 Apr 2020 17:44:35 GMT","content-type":"application/json; charset=utf-8","content-length":"15","connection":"keep-alive","access-control-allow-origin":"*","cache-control":"no-cache","strict-transport-security":"max-age=31556926; includeSubDomains; preload"}
[info] ✔  database: rules syntax for database pyxy-f84e8 is valid
[debug] [2020-04-09T17:44:35.433Z] >>> HTTP REQUEST GET https://appengine.googleapis.com/v1/apps/pyxy-f84e8  
 
